TN:
SF:/Users/sebastianvargas/PetStatic/src/polyfills.ts
FNF:0
FNH:0
LF:0
LH:0
BRF:0
BRH:0
end_of_record
TN:
SF:/Users/sebastianvargas/PetStatic/src/test.ts
FNF:0
FNH:0
DA:18,1
DA:23,1
DA:25,1
LF:3
LH:3
BRF:0
BRH:0
end_of_record
TN:
SF:/Users/sebastianvargas/PetStatic/src/app/app.component.ts
FN:8,(anonymous_0)
FNF:1
FNH:1
FNDA:3,(anonymous_0)
DA:8,1
DA:9,3
LF:2
LH:2
BRF:0
BRH:0
end_of_record
TN:
SF:/Users/sebastianvargas/PetStatic/src/app/filterimages.pipe.ts
FN:7,(anonymous_0)
FN:9,(anonymous_1)
FNF:2
FNH:0
FNDA:0,(anonymous_0)
FNDA:0,(anonymous_1)
DA:6,1
DA:8,0
DA:9,0
DA:10,0
LF:4
LH:1
BRDA:8,0,0,0
BRDA:8,0,1,0
BRF:2
BRH:0
end_of_record
TN:
SF:/Users/sebastianvargas/PetStatic/src/app/image.service.ts
FN:3,(anonymous_0)
FN:6,(anonymous_1)
FN:10,(anonymous_2)
FN:11,(anonymous_3)
FNF:4
FNH:0
FNDA:0,(anonymous_0)
FNDA:0,(anonymous_1)
FNDA:0,(anonymous_2)
FNDA:0,(anonymous_3)
DA:3,1
DA:4,0
DA:7,0
DA:11,0
DA:14,1
LF:5
LH:2
BRF:0
BRH:0
end_of_record
TN:
SF:/Users/sebastianvargas/PetStatic/src/app/image-details/image-details.component.ts
FN:12,(anonymous_0)
FN:15,(anonymous_1)
FNF:2
FNH:0
FNDA:0,(anonymous_0)
FNDA:0,(anonymous_1)
DA:9,1
DA:12,0
DA:13,0
DA:16,0
LF:4
LH:1
BRF:0
BRH:0
end_of_record
TN:
SF:/Users/sebastianvargas/PetStatic/src/app/image-gallery/image-gallery.component.ts
FN:15,(anonymous_0)
FN:18,(anonymous_1)
FNF:2
FNH:0
FNDA:0,(anonymous_0)
FNDA:0,(anonymous_1)
DA:10,1
DA:12,0
DA:13,0
DA:15,0
DA:16,0
DA:19,0
LF:6
LH:1
BRF:0
BRH:0
end_of_record
